2022-11-15 02:14:32,211 INFO o.h.v.i.u.Version [background-preinit] HV000001: Hibernate Validator 6.2.3.Final
2022-11-15 02:14:32,390 INFO o.s.b.StartupInfoLogger [main] Starting Application using Java 1.8.0_111 on DESKTOP-PV88BDA with PID 4172 (E:\EmsWorkspace\NTLIT_EMS_NEW\NETLIT_EMS_2\target\classes started by JGTDSL-BB in E:\EmsWorkspace\NTLIT_EMS_NEW\NETLIT_EMS_2)
2022-11-15 02:14:32,396 DEBUG o.s.b.StartupInfoLogger [main] Running with Spring Boot v2.6.7, Spring v5.3.19
2022-11-15 02:14:32,398 INFO o.s.b.SpringApplication [main] The following 1 profile is active: "dev"
2022-11-15 02:14:34,711 INFO o.s.d.r.c.RepositoryConfigurationDelegate [main] Bootstrapping Spring Data JPA repositories in DEFAULT mode.
2022-11-15 02:14:34,996 INFO o.s.d.r.c.RepositoryConfigurationDelegate [main] Finished Spring Data repository scanning in 261 ms. Found 24 JPA repository interfaces.
2022-11-15 02:14:35,909 INFO o.s.c.s.PostProcessorRegistrationDelegate$BeanPostProcessorChecker [main] Bean 'org.springframework.ws.config.annotation.DelegatingWsConfiguration' of type [org.springframework.ws.config.annotation.DelegatingWsConfiguration$$EnhancerBySpringCGLIB$$250d6043] is not eligible for getting processed by all BeanPostProcessors (for example: not eligible for auto-proxying)
2022-11-15 02:14:35,975 INFO o.s.w.s.a.s.AbstractAddressingEndpointMapping [main] Supporting [WS-Addressing August 2004, WS-Addressing 1.0]
2022-11-15 02:14:36,551 INFO o.s.b.w.e.t.TomcatWebServer [main] Tomcat initialized with port(s): 8080 (http)
2022-11-15 02:14:36,570 INFO o.a.j.l.DirectJDKLog [main] Initializing ProtocolHandler ["http-nio-8080"]
2022-11-15 02:14:36,571 INFO o.a.j.l.DirectJDKLog [main] Starting service [Tomcat]
2022-11-15 02:14:36,572 INFO o.a.j.l.DirectJDKLog [main] Starting Servlet engine: [Apache Tomcat/9.0.62]
2022-11-15 02:14:36,897 INFO o.a.j.l.DirectJDKLog [main] Initializing Spring embedded WebApplicationContext
2022-11-15 02:14:36,898 INFO o.s.b.w.s.c.ServletWebServerApplicationContext [main] Root WebApplicationContext: initialization completed in 3835 ms
2022-11-15 02:14:36,977 INFO c.z.h.HikariDataSource [main] HikariPool-1 - Starting...
2022-11-15 02:14:37,298 INFO c.z.h.HikariDataSource [main] HikariPool-1 - Start completed.
2022-11-15 02:14:37,314 INFO o.s.b.a.h.H2ConsoleAutoConfiguration [main] H2 console available at '/h2'. Database available at 'jdbc:mysql://localhost:3306/netlit_ems?useLegacyDatetimeCode=false&serverTimezone=Asia/Jakarta&useSSL=false'
2022-11-15 02:14:37,608 INFO o.h.j.i.u.LogHelper [main] HHH000204: Processing PersistenceUnitInfo [name: default]
2022-11-15 02:14:37,753 INFO o.h.Version [main] HHH000412: Hibernate ORM core version 5.6.8.Final
2022-11-15 02:14:38,210 INFO o.h.a.c.r.j.JavaReflectionManager [main] HCANN000001: Hibernate Commons Annotations {5.1.2.Final}
2022-11-15 02:14:38,539 INFO o.h.d.Dialect [main] HHH000400: Using dialect: org.hibernate.dialect.MySQL55Dialect
2022-11-15 02:14:41,940 INFO o.h.e.t.j.p.i.JtaPlatformInitiator [main] HHH000490: Using JtaPlatform implementation: [org.hibernate.engine.transaction.jta.platform.internal.NoJtaPlatform]
2022-11-15 02:14:41,966 INFO o.s.o.j.AbstractEntityManagerFactoryBean [main] Initialized JPA EntityManagerFactory for persistence unit 'default'
2022-11-15 02:14:45,623 INFO o.s.s.w.DefaultSecurityFilterChain [main] Will secure any request with [org.springframework.security.web.context.request.async.WebAsyncManagerIntegrationFilter@72fb922c, org.springframework.security.web.context.SecurityContextPersistenceFilter@5513745d, org.springframework.security.web.header.HeaderWriterFilter@c21c296, org.springframework.security.web.authentication.logout.LogoutFilter@4d8e6daa, org.springframework.security.web.authentication.UsernamePasswordAuthenticationFilter@20382851, org.springframework.security.web.session.ConcurrentSessionFilter@6e1787ba, org.springframework.security.web.savedrequest.RequestCacheAwareFilter@6a29476d, org.springframework.security.web.servletapi.SecurityContextHolderAwareRequestFilter@4b7272d6, org.springframework.security.web.authentication.rememberme.RememberMeAuthenticationFilter@6b29771f, org.springframework.security.web.authentication.AnonymousAuthenticationFilter@751df26c, org.springframework.security.web.session.SessionManagementFilter@435d74ba, org.springframework.security.web.access.ExceptionTranslationFilter@2f7432f3, org.springframework.security.web.access.intercept.FilterSecurityInterceptor@731660c1]
2022-11-15 02:14:46,249 INFO o.a.j.l.DirectJDKLog [main] Starting ProtocolHandler ["http-nio-8080"]
2022-11-15 02:14:46,292 INFO o.s.b.w.e.t.TomcatWebServer [main] Tomcat started on port(s): 8080 (http) with context path ''
2022-11-15 02:14:46,296 INFO o.s.c.l.CompositeLog [main] Starting...
2022-11-15 02:14:46,296 INFO o.s.c.l.CompositeLog [main] BrokerAvailabilityEvent[available=true, SimpleBrokerMessageHandler [org.springframework.messaging.simp.broker.DefaultSubscriptionRegistry@46f03d6d]]
2022-11-15 02:14:46,296 INFO o.s.c.l.CompositeLog [main] Started.
2022-11-15 02:14:46,963 INFO o.s.b.StartupInfoLogger [main] Started Application in 15.635 seconds (JVM running for 18.296)
2022-11-15 02:15:07,339 INFO o.a.j.l.DirectJDKLog [http-nio-8080-exec-2] Initializing Spring DispatcherServlet 'dispatcherServlet'
2022-11-15 02:15:07,339 INFO o.s.w.s.FrameworkServlet [http-nio-8080-exec-2] Initializing Servlet 'dispatcherServlet'
2022-11-15 02:15:07,343 INFO o.s.w.s.FrameworkServlet [http-nio-8080-exec-2] Completed initialization in 4 ms
2022-11-15 02:15:11,374 DEBUG o.s.s.a.d.AbstractUserDetailsAuthenticationProvider [http-nio-8080-exec-8] Authenticated user
2022-11-15 02:15:11,388 DEBUG o.s.s.w.a.r.AbstractRememberMeServices [http-nio-8080-exec-8] Did not send remember-me cookie (principal did not set parameter 'remember-me')
2022-11-15 02:15:11,388 DEBUG o.s.s.w.a.r.AbstractRememberMeServices [http-nio-8080-exec-8] Remember-me login not requested.
2022-11-15 02:15:45,830 INFO o.s.w.s.c.WebSocketMessageBrokerStats [MessageBroker-1] WebSocketSession[0 current WS(0)-HttpStream(0)-HttpPoll(0), 0 total, 0 closed abnormally (0 connect failure, 0 send limit, 0 transport error)], stompSubProtocol[processed CONNECT(0)-CONNECTED(0)-DISCONNECT(0)], stompBrokerRelay[null], inboundChannel[pool size = 0, active threads = 0, queued tasks = 0, completed tasks = 0], outboundChannel[pool size = 0, active threads = 0, queued tasks = 0, completed tasks = 0], sockJsScheduler[pool size = 2, active threads = 1, queued tasks = 1, completed tasks = 0]
